<?xml version="1.0" encoding="UTF-8" ?>
<testsuite tests="3" failures="3" name="com.ibm.test.TestEmpDept" time="0" errors="0" skipped="0">
  <properties>
[...]
</properties>
  <testcase classname="com.ibm.test.TestEmpDept" name="com.ibm.test.TestEmpDept.testSaveDept" time="0">
    <failure message="Cannot invoke &quot;com.ibm.dao.EmpDeptDao.addDept(com.ibm.entity.Department)&quot; because &quot;com.ibm.test.TestEmpDept.dao&quot; is null" type="java.lang.NullPointerException">java.lang.NullPointerException: Cannot invoke &quot;com.ibm.dao.EmpDeptDao.addDept(com.ibm.entity.Department)&quot; because &quot;com.ibm.test.TestEmpDept.dao&quot; is null
	at com.ibm.test.TestEmpDept.testSaveDept(TestEmpDept.java:24)
</failure>
  </testcase>
  <testcase classname="com.ibm.test.TestEmpDept" name="com.ibm.test.TestEmpDept.testSaveEmp" time="0">
    <failure message="Cannot invoke &quot;com.ibm.dao.EmpDeptDao.addEmp(com.ibm.entity.Employee, int)&quot; because &quot;com.ibm.test.TestEmpDept.dao&quot; is null" type="java.lang.NullPointerException">java.lang.NullPointerException: Cannot invoke &quot;com.ibm.dao.EmpDeptDao.addEmp(com.ibm.entity.Employee, int)&quot; because &quot;com.ibm.test.TestEmpDept.dao&quot; is null
	at com.ibm.test.TestEmpDept.testSaveEmp(TestEmpDept.java:31)
</failure>
  </testcase>
  <testcase classname="com.ibm.test.TestEmpDept" name="com.ibm.test.TestEmpDept.testFindDept" time="0">
    <failure message="Cannot invoke &quot;com.ibm.dao.EmpDeptDao.findDept(int)&quot; because &quot;com.ibm.test.TestEmpDept.dao&quot; is null" type="java.lang.NullPointerException">java.lang.NullPointerException: Cannot invoke &quot;com.ibm.dao.EmpDeptDao.findDept(int)&quot; because &quot;com.ibm.test.TestEmpDept.dao&quot; is null
	at com.ibm.test.TestEmpDept.testFindDept(TestEmpDept.java:36)
</failure>
  </testcase>
</testsuite>